#
# There is insufficient memory for the Java Runtime Environment to continue.
# Native memory allocation (mmap) failed to map 402653184 bytes. Error detail: G1 virtual space
# Possible reasons:
#   The system is out of physical RAM or swap space
#   This process is running with CompressedOops enabled, and the Java Heap may be blocking the growth of the native heap
# Possible solutions:
#   Reduce memory load on the system
#   Increase physical memory or swap space
#   Check if swap backing store is full
#   Decrease Java heap size (-Xmx/-Xms)
#   Decrease number of Java threads
#   Decrease Java thread stack sizes (-Xss)
#   Set larger code cache with -XX:ReservedCodeCacheSize=
#   JVM is running with Zero Based Compressed Oops mode in which the Java heap is
#     placed in the first 32GB address space. The Java Heap base address is the
#     maximum limit for the native heap growth. Please use -XX:HeapBaseMinAddress
#     to set the Java Heap base and to place the Java Heap above 32GB virtual address.
# This output file may be truncated or incomplete.
#
#  Out of Memory Error (os_windows.cpp:3678), pid=28544, tid=29336
#
# JRE version:  (17.0.12+7) (build )
# Java VM: OpenJDK 64-Bit Server VM (17.0.12+7-LTS, mixed mode, sharing, tiered, compressed oops, compressed class ptrs, g1 gc, windows-amd64)
# No core dump will be written. Minidumps are not enabled by default on client versions of Windows
#

---------------  S U M M A R Y ------------

Command Line: com.xamarin.manifestmerger.Main obj\Debug\net9.0-android\android\manifestmerger.rsp

Host: AMD Ryzen 5 2400G with Radeon Vega Graphics    , 8 cores, 23G,  Windows 11 , 64 bit Build 22621 (10.0.22621.4391)
Time: Mon Dec  9 00:34:45 2024 RTZ 4 (s 11 , 64 bit Build 22621 (10.0.22621.4391) elapsed time: 0.019277 seconds (0d 0h 0m 0s)

---------------  T H R E A D  ---------------

Current thread (0x000002b60778dff0):  JavaThread "Unknown thread" [_thread_in_vm, id=29336, stack(0x000000c598f00000,0x000000c599000000)]

Stack: [0x000000c598f00000,0x000000c599000000]
Native frames: (J=compiled Java code, j=interpreted, Vv=VM code, C=native code)
V  [jvm.dll+0x686d99]
V  [jvm.dll+0x83daf8]
V  [jvm.dll+0x83f5a3]
V  [jvm.dll+0x83fc13]
V  [jvm.dll+0x2492ef]
V  [jvm.dll+0x683dd9]
V  [jvm.dll+0x6782fa]
V  [jvm.dll+0x30a797]
V  [jvm.dll+0x311d06]
V  [jvm.dll+0x36252e]
V  [jvm.dll+0x36276d]
V  [jvm.dll+0x2e1a9c]
V  [jvm.dll+0x2e29b4]
V  [jvm.dll+0x80faab]
V  [jvm.dll+0x370241]
V  [jvm.dll+0x7ee6bf]
V  [jvm.dll+0x3f6ccf]
V  [jvm.dll+0x3f87f1]
C  [jli.dll+0x5284]
C  [ucrtbase.dll+0x29333]
C  [KERNEL32.DLL+0x1259d]
C  [ntdll.dll+0x5af38]


---------------  P R O C E S S  ---------------

Threads class SMR info:
_java_thread_list=0x00007ffb06a9cf98, length=0, elements={
}

Java Threads: ( => current thread )

Other Threads:
  0x000002b609951c40 GCTaskThread "GC Thread#0" [stack: 0x000000c599000000,0x000000c599100000] [id=24232]
  0x000002b60995f320 ConcurrentGCThread "G1 Main Marker" [stack: 0x000000c599100000,0x000000c599200000] [id=4636]
  0x000002b609960cf0 ConcurrentGCThread "G1 Conc#0" [stack: 0x000000c599200000,0x000000c599300000] [id=25424]

[error occurred during error reporting (printing all threads), id 0xc0000005, EXCEPTION_ACCESS_VIOLATION (0xc0000005) at pc=0x00007ffb062525b7]

VM state: not at safepoint (not fully initialized)

VM Mutex/Monitor currently owned by a thread:  ([mutex/lock_event])
[0x000002b60778ab60] Heap_lock - owner thread: 0x000002b60778dff0

Heap address: 0x0000000681000000, size: 6128 MB, Compressed Oops mode: Zero based, Oop shift amount: 3

CDS archive(s) mapped at: [0x0000000000000000-0x0000000000000000-0x0000000000000000), size 0, SharedBaseAddress: 0x0000000800000000, ArchiveRelocationMode: 1.
Narrow klass base: 0x0000000000000000, Narrow klass shift: 0, Narrow klass range: 0x0

GC Precious Log:
<Empty>

Heap:
 garbage-first heap   total 0K, used 0K [0x0000000681000000, 0x0000000800000000)
  region size 4096K, 0 young (0K), 0 survivors (0K)

[error occurred during error reporting (printing heap information), id 0xc0000005, EXCEPTION_ACCESS_VIOLATION (0xc0000005) at pc=0x00007ffb06640a39]

GC Heap History (0 events):
No events

Dll operation events (1 events):
Event: 0.011 Loaded shared library C:\Program Files (x86)\Android\openjdk\jdk-17.0.12\bin\java.dll

Deoptimization events (0 events):
No events

Classes loaded (0 events):
No events

Classes unloaded (0 events):
No events

Classes redefined (0 events):
No events

Internal exceptions (0 events):
No events

VM Operations (0 events):
No events

Events (0 events):
No events


Dynamic libraries:
0x00007ff7b2540000 - 0x00007ff7b254e000 	C:\Program Files (x86)\Android\openjdk\jdk-17.0.12\bin\java.exe
0x00007ffb71690000 - 0x00007ffb718a7000 	C:\Windows\SYSTEM32\ntdll.dll
0x00007ffb71280000 - 0x00007ffb71344000 	C:\Windows\System32\KERNEL32.DLL
0x00007ffb6ec30000 - 0x00007ffb6efea000 	C:\Windows\System32\KERNELBASE.dll
0x00007ffb6f1d0000 - 0x00007ffb6f2e1000 	C:\Windows\System32\ucrtbase.dll
0x00007ffb310c0000 - 0x00007ffb310d7000 	C:\Program Files (x86)\Android\openjdk\jdk-17.0.12\bin\jli.dll
0x00007ffb46e40000 - 0x00007ffb46e5d000 	C:\Program Files (x86)\Android\openjdk\jdk-17.0.12\bin\VCRUNTIME140.dll
0x00007ffb70b50000 - 0x00007ffb70cfe000 	C:\Windows\System32\USER32.dll
0x00007ffb6eae0000 - 0x00007ffb6eb06000 	C:\Windows\System32\win32u.dll
0x00007ffb70b10000 - 0x00007ffb70b39000 	C:\Windows\System32\GDI32.dll
0x00007ffb6eb10000 - 0x00007ffb6ec2b000 	C:\Windows\System32\gdi32full.dll
0x00007ffb5bfe0000 - 0x00007ffb5c272000 	C:\Windows\WinSxS\amd64_microsoft.windows.common-controls_6595b64144ccf1df_6.0.22621.4541_none_2710d1c57384c085\COMCTL32.dll
0x00007ffb6eff0000 - 0x00007ffb6f08a000 	C:\Windows\System32\msvcp_win.dll
0x00007ffb71350000 - 0x00007ffb713f7000 	C:\Windows\System32\msvcrt.dll
0x00007ffb71420000 - 0x00007ffb71451000 	C:\Windows\System32\IMM32.DLL
0x00007ffb61c00000 - 0x00007ffb61c0c000 	C:\Program Files (x86)\Android\openjdk\jdk-17.0.12\bin\vcruntime140_1.dll
0x00007ffb21540000 - 0x00007ffb215cd000 	C:\Program Files (x86)\Android\openjdk\jdk-17.0.12\bin\msvcp140.dll
0x00007ffb05f60000 - 0x00007ffb06bd0000 	C:\Program Files (x86)\Android\openjdk\jdk-17.0.12\bin\server\jvm.dll
0x00007ffb70a50000 - 0x00007ffb70b02000 	C:\Windows\System32\ADVAPI32.dll
0x00007ffb6fbc0000 - 0x00007ffb6fc67000 	C:\Windows\System32\sechost.dll
0x00007ffb6e940000 - 0x00007ffb6e968000 	C:\Windows\System32\bcrypt.dll
0x00007ffb70660000 - 0x00007ffb70774000 	C:\Windows\System32\RPCRT4.dll
0x00007ffb6f9d0000 - 0x00007ffb6fa41000 	C:\Windows\System32\WS2_32.dll
0x00007ffb6d790000 - 0x00007ffb6d7dd000 	C:\Windows\SYSTEM32\POWRPROF.dll
0x00007ffb667a0000 - 0x00007ffb667d4000 	C:\Windows\SYSTEM32\WINMM.dll
0x00007ffb667e0000 - 0x00007ffb667ea000 	C:\Windows\SYSTEM32\VERSION.dll
0x00007ffb6d770000 - 0x00007ffb6d783000 	C:\Windows\SYSTEM32\UMPDC.dll
0x00007ffb6da30000 - 0x00007ffb6da48000 	C:\Windows\SYSTEM32\kernel.appcore.dll
0x00007ffb5fe00000 - 0x00007ffb5fe0a000 	C:\Program Files (x86)\Android\openjdk\jdk-17.0.12\bin\jimage.dll
0x00007ffb6c320000 - 0x00007ffb6c552000 	C:\Windows\SYSTEM32\DBGHELP.DLL
0x00007ffb70d60000 - 0x00007ffb710ef000 	C:\Windows\System32\combase.dll
0x00007ffb70580000 - 0x00007ffb70657000 	C:\Windows\System32\OLEAUT32.dll
0x00007ffb62eb0000 - 0x00007ffb62ee2000 	C:\Windows\SYSTEM32\dbgcore.DLL
0x00007ffb6f090000 - 0x00007ffb6f10b000 	C:\Windows\System32\bcryptPrimitives.dll
0x00007ffb244f0000 - 0x00007ffb24515000 	C:\Program Files (x86)\Android\openjdk\jdk-17.0.12\bin\java.dll

dbghelp: loaded successfully - version: 4.0.5 - missing functions: none
symbol engine: initialized successfully - sym options: 0x614 - pdb path: .;C:\Program Files (x86)\Android\openjdk\jdk-17.0.12\bin;C:\Windows\SYSTEM32;C:\Windows\WinSxS\amd64_microsoft.windows.common-controls_6595b64144ccf1df_6.0.22621.4541_none_2710d1c57384c085;C:\Program Files (x86)\Android\openjdk\jdk-17.0.12\bin\server

VM Arguments:
java_command: com.xamarin.manifestmerger.Main obj\Debug\net9.0-android\android\manifestmerger.rsp
java_class_path (initial): C:\Program Files\dotnet\packs\Microsoft.Android.Sdk.Windows\35.0.7\tools\manifestmerger.jar
Launcher Type: SUN_STANDARD

[Global flags]
     intx CICompilerCount                          = 4                                         {product} {ergonomic}
     uint ConcGCThreads                            = 2                                         {product} {ergonomic}
     uint G1ConcRefinementThreads                  = 8                                         {product} {ergonomic}
   size_t G1HeapRegionSize                         = 4194304                                   {product} {ergonomic}
    uintx GCDrainStackTargetSize                   = 64                                        {product} {ergonomic}
   size_t InitialHeapSize                          = 402653184                                 {product} {ergonomic}
   size_t MarkStackSize                            = 4194304                                   {product} {ergonomic}
   size_t MaxHeapSize                              = 6425673728                                {product} {ergonomic}
   size_t MinHeapDeltaBytes                        = 4194304                                   {product} {ergonomic}
   size_t MinHeapSize                              = 8388608                                   {product} {ergonomic}
    uintx NonNMethodCodeHeapSize                   = 5839372                                {pd product} {ergonomic}
    uintx NonProfiledCodeHeapSize                  = 122909434                              {pd product} {ergonomic}
    uintx ProfiledCodeHeapSize                     = 122909434                              {pd product} {ergonomic}
    uintx ReservedCodeCacheSize                    = 251658240                              {pd product} {ergonomic}
     bool SegmentedCodeCache                       = true                                      {product} {ergonomic}
   size_t SoftMaxHeapSize                          = 6425673728                             {manageable} {ergonomic}
     bool UseCompressedClassPointers               = true                           {product lp64_product} {ergonomic}
     bool UseCompressedOops                        = true                           {product lp64_product} {ergonomic}
     bool UseG1GC                                  = true                                      {product} {ergonomic}
     bool UseLargePagesIndividualAllocation        = false                                  {pd product} {ergonomic}

Logging:
Log output configuration:
 #0: stdout all=warning uptime,level,tags
 #1: stderr all=off uptime,level,tags

Environment Variables:
PATH=C:\Program Files (x86)\Android\openjdk\jdk-17.0.12\bin;C:\Program Files (x86)\NVIDIA Corporation\PhysX\Common;C:\VulkanSDK\1.3.283.0\Bin;C:\Program Files (x86)\Razer\ChromaBroadcast\bin;C:\Program Files\Razer\ChromaBroadcast\bin;C:\Program Files\Common Files\Oracle\Java\javapath;C:\Program Files (x86)\Common Files\Oracle\Java\java8path;C:\Program Files (x86)\Common Files\Oracle\Java\javapath;C:\Program Files\Microsoft\jdk-11.0.16.101-hotspot\bin;C:\Windows\system32;C:\Windows;C:\Windows\System32\Wbem;C:\Windows\System32\WindowsPowerShell\v1.0\;C:\Windows\System32\OpenSSH\;C:\Program Files\dotnet\;C:\Users\AlgoApi\AppData\Local\Programs\Python\Python311\Scripts\;C:\Users\AlgoApi\AppData\Local\Programs\Python\Python311\;C:\Users\AlgoApi\AppData\Local\Programs\Python\Python312\Scripts\;C:\Users\AlgoApi\AppData\Local\Programs\Python\Python312\;C:\Users\AlgoApi\AppData\Local\Microsoft\WindowsApps;C:\Users\AlgoApi\.dotnet\tools;C:\Program Files\JetBrains\PyCharm Community Edition 2023.2.1\bin;C:\Program Files (x86)\ZeroTier\One\;C:\Program Files\playit_gg\bin\;C:\Program Files\PuTTY\;C:\Program Files\Git\cmd;C:\Program Files\Microsoft SQL Server\150\Tools\Binn\;C:\Program Files\Microsoft SQL Server\Client SDK\ODBC\170\Tools\Binn\;C:\Program Files (x86)\Windows Kits\10\Windows Performance Toolkit\;C:\Program Files\Docker\Docker\resources\bin;C:\Users\AlgoApi\dev\flutter\bin;C:\Users\AlgoApi\AppData\Local\Programs\Python\Python311\Scripts\;C:\Users\AlgoApi\AppData\Local\Programs\Python\Python311\;C:\Users\AlgoApi\AppData\Local\Programs\Python\Python312\Scripts\;C:\Users\AlgoApi\AppData\Local\Programs\Python\Python312\;C:\Users\AlgoApi\AppData\Local\Microsoft\WindowsApps;C:\Program Files\JetBrains\PyCharm Community Edition 2023.2.1\bin;;C:\Program Files\JetBrains\IntelliJ IDEA Community Edition 2024.2.3\bin;;C:\Users\AlgoApi\.dotnet\tools
USERNAME=AlgoApi
OS=Windows_NT
PROCESSOR_IDENTIFIER=AMD64 Family 23 Model 17 Stepping 0, AuthenticAMD
TMP=C:\Users\AlgoApi\AppData\Local\Temp
TEMP=C:\Users\AlgoApi\AppData\Local\Temp



Periodic native trim disabled


---------------  S Y S T E M  ---------------

OS:
 Windows 11 , 64 bit Build 22621 (10.0.22621.4391)
OS uptime: 0 days 7:06 hours
Hyper-V role detected

CPU: total 8 (initial active 8) (8 cores per cpu, 2 threads per core) family 23 model 17 stepping 0 microcode 0x0, cx8, cmov, fxsr, ht, mmx, 3dnowpref, sse, sse2, sse3, ssse3, sse4a, sse4.1, sse4.2, popcnt, lzcnt, tsc, tscinvbit, avx, avx2, aes, clmul, bmi1, bmi2, adx, sha, fma, vzeroupper, clflush, clflushopt, hv
Processor Information for the first 8 processors :
  Max Mhz: 3600, Current Mhz: 3600, Mhz Limit: 3600

Memory: 4k page, system-wide physical 24509M (2415M free)
TotalPageFile size 32437M (AvailPageFile size 123M)
current process WorkingSet (physical memory assigned to process): 12M, peak: 12M
current process commit charge ("private bytes"): 60M, peak: 444M

vm_info: OpenJDK 64-Bit Server VM (17.0.12+7-LTS) for windows-amd64 JRE (17.0.12+7-LTS), built on Jul 16 2024 18:11:44 by "MicrosoftCorporation" with unknown MS VC++:1939

END.
